<?xml version="1.0" encoding="UTF-8"?>
<!-- Generated by org.testng.reporters.JUnitReportReporter -->
<testsuite hostname="LAPTOP-4TCE2O8E" failures="0" tests="2" name="clothingStore.tests.MyAccountPageTest" time="32.583" errors="0" timestamp="2023-01-07T17:48:25 CET" skipped="0">
  <testcase classname="clothingStore.tests.MyAccountPageTest" name="logIn" time="20.581"/>
  <system-out/>
  <testcase classname="clothingStore.tests.MyAccountPageTest" name="validateRecentOrdersButton" time="12.002"/>
  <system-out/>
</testsuite> <!-- clothingStore.tests.MyAccountPageTest -->
