<?xml version="1.0" encoding="UTF-8"?>
<!-- Generated by org.testng.reporters.JUnitReportReporter -->
<testsuite hostname="LAPTOP-4TCE2O8E" failures="0" tests="2" name="clothingStore.tests.HomePageTest" time="25.476" errors="0" timestamp="2022-12-18T02:13:39 CET" skipped="0">
  <testcase classname="clothingStore.tests.HomePageTest" name="RegisterWithNewEmail" time="11.853"/>
  <system-out/>
  <testcase classname="clothingStore.tests.HomePageTest" name="RegisterWithNewEmail" time="13.623"/>
  <system-out/>
</testsuite> <!-- clothingStore.tests.HomePageTest -->
