<?xml version="1.0" encoding="UTF-8"?>
<!-- Generated by org.testng.reporters.JUnitReportReporter -->
<testsuite hostname="LAPTOP-4TCE2O8E" failures="0" tests="2" name="clothingStore.tests.LogInPageTest" time="46.706" errors="0" timestamp="2023-01-03T01:43:55 CET" skipped="0">
  <testcase classname="clothingStore.tests.LogInPageTest" name="validateRegisterOption" time="28.667"/>
  <system-out/>
  <testcase classname="clothingStore.tests.LogInPageTest" name="verifyMessageWhenLoggingInWithWrongData" time="18.039"/>
  <system-out/>
</testsuite> <!-- clothingStore.tests.LogInPageTest -->
