<?xml version="1.0" encoding="UTF-8"?>
<!-- Generated by org.testng.reporters.JUnitReportReporter -->
<testsuite hostname="LAPTOP-4TCE2O8E" failures="0" tests="2" name="clothingStore.tests.ResetPasswordPageTest" time="46.062" errors="0" timestamp="2023-01-02T11:00:49 CET" skipped="0">
  <testcase classname="clothingStore.tests.ResetPasswordPageTest" name="resetPasswordAndVerifyMessage" time="26.817"/>
  <system-out/>
  <testcase classname="clothingStore.tests.ResetPasswordPageTest" name="verifyMessage" time="19.245"/>
  <system-out/>
</testsuite> <!-- clothingStore.tests.ResetPasswordPageTest -->
