<?xml version="1.0" encoding="UTF-8"?>
<!-- Generated by org.testng.reporters.JUnitReportReporter -->
<testsuite hostname="LAPTOP-4TCE2O8E" failures="0" tests="2" name="clothingStore.tests.MyAccountPageTest" time="52.457" errors="0" timestamp="2023-03-12T01:31:53 CET" skipped="0">
  <testcase classname="clothingStore.tests.MyAccountPageTest" name="validateTheNumberOfDisplayedProducts" time="16.037"/>
  <system-out/>
  <testcase classname="clothingStore.tests.MyAccountPageTest" name="logIn" time="36.420"/>
  <system-out/>
</testsuite> <!-- clothingStore.tests.MyAccountPageTest -->
